<?xml version="1.0" encoding="UTF-8"?>
<testsuite name="ApplicationTest" tests="1" skipped="0" failures="0" errors="0" timestamp="2019-07-20T11:07:41" hostname="Harshits-MacBook-Pro.local" time="0.004">
  <properties/>
  <testcase name="test_cases" classname="ApplicationTest" time="0.004"/>
  <system-out><![CDATA[type not registered
No Vehicle
Booked type: suv Location: koramangala Cost: 12
Booked type: suv Location: jayanagar Cost: 15
No Vehicle
koramangala
Count 3 Type sedan cost: Rs 10
jayanagar
Count 3 Type sedan cost: Rs 11
Count 4 Type hatchback cost: Rs 9
Count 5 Type bike cost: Rs 50
-------
koramangala
Count 3 Type sedan cost: Rs 10
jayanagar
Count 3 Type sedan cost: Rs 11
Count 4 Type hatchback cost: Rs 9
Count 5 Type bike cost: Rs 50
]]></system-out>
  <system-err><![CDATA[]]></system-err>
</testsuite>
